<?xml version="1.0" encoding="UTF-8"?>
<testsuite xmlns:xsi="http://www.w3.org/2001/XMLSchema-instance" xsi:noNamespaceSchemaLocation="https://maven.apache.org/surefire/maven-surefire-plugin/xsd/surefire-test-report.xsd" name="steps.FirstTest" time="34.651" tests="11" errors="5" skipped="0" failures="3">
  <properties>
[...]
</properties>
  <testcase name="requestLoginCheckMessageInvalidUsername" classname="steps.FirstTest" time="16.603">
    <error message="Read timed out" type="java.net.SocketTimeoutException">java.net.SocketTimeoutException: Read timed out
	at steps.FirstTest.requestLoginCheckMessageInvalidUsername(FirstTest.java:87)
</error>
    <system-out><![CDATA[zazazazazazaza
]]></system-out>
    <system-err><![CDATA[[DelegatingClassLoader@c05fddc] error at io\qameta\allure\aspects\StepsAspects.java::0 the @annotation pointcut expression is only supported at Java 5 compliance level or above
[DelegatingClassLoader@c05fddc] error at io\qameta\allure\aspects\AttachmentsAspects.java::0 the @annotation pointcut expression is only supported at Java 5 compliance level or above
[DelegatingClassLoader@1a69561c] error at io\qameta\allure\aspects\StepsAspects.java::0 the @annotation pointcut expression is only supported at Java 5 compliance level or above
[DelegatingClassLoader@1a69561c] error at io\qameta\allure\aspects\AttachmentsAspects.java::0 the @annotation pointcut expression is only supported at Java 5 compliance level or above
Starting ChromeDriver 2.40.565498 (ea082db3280dd6843ebfb08a625e3eb905c4f5ab) on port 40697
Only local connections are allowed.
SLF4J: Failed to load class "org.slf4j.impl.StaticLoggerBinder".
SLF4J: Defaulting to no-operation (NOP) logger implementation
SLF4J: See http://www.slf4j.org/codes.html#StaticLoggerBinder for further details.
]]></system-err>
  </testcase>
  <testcase name="requestLoginCheckMessageInvalidUsername" classname="steps.FirstTest" time="16.604">
    <error message="javax/xml/bind/annotation/XmlElement" type="java.lang.NoClassDefFoundError">java.lang.NoClassDefFoundError: javax/xml/bind/annotation/XmlElement
Caused by: java.lang.ClassNotFoundException: javax.xml.bind.annotation.XmlElement
</error>
  </testcase>
  <testcase name="userLoginInvalidUsername" classname="steps.FirstTest" time="2.946">
    <failure message="expected:&lt;AC[C]ESS DENIED!&gt; but was:&lt;AC[]ESS DENIED!&gt;" type="org.junit.ComparisonFailure"><![CDATA[org.junit.ComparisonFailure: expected:<AC[C]ESS DENIED!> but was:<AC[]ESS DENIED!>
	at steps.FirstTest.userLoginInvalidUsername(FirstTest.java:55)
]]></failure>
    <system-out><![CDATA[zazazazazazaza
]]></system-out>
  </testcase>
  <testcase name="userLoginInvalidUsername" classname="steps.FirstTest" time="2.947">
    <error message="javax/xml/bind/annotation/XmlElement" type="java.lang.NoClassDefFoundError">java.lang.NoClassDefFoundError: javax/xml/bind/annotation/XmlElement
</error>
  </testcase>
  <testcase name="requestLoginCheckMessageInvalidPassword" classname="steps.FirstTest" time="1.001">
    <failure message="expected:&lt;AC[C]ESS DENIED!&gt; but was:&lt;AC[]ESS DENIED!&gt;" type="org.junit.ComparisonFailure"><![CDATA[org.junit.ComparisonFailure: expected:<AC[C]ESS DENIED!> but was:<AC[]ESS DENIED!>
	at steps.FirstTest.requestLoginCheckMessageInvalidPassword(FirstTest.java:96)
]]></failure>
    <system-out><![CDATA[zazazazazazaza
]]></system-out>
  </testcase>
  <testcase name="requestLoginCheckMessageInvalidPassword" classname="steps.FirstTest" time="1.001">
    <error message="javax/xml/bind/annotation/XmlElement" type="java.lang.NoClassDefFoundError">java.lang.NoClassDefFoundError: javax/xml/bind/annotation/XmlElement
</error>
  </testcase>
  <testcase name="userLoginInvalidPassword" classname="steps.FirstTest" time="1.285">
    <failure message="expected:&lt;AC[C]ESS DENIED!&gt; but was:&lt;AC[]ESS DENIED!&gt;" type="org.junit.ComparisonFailure"><![CDATA[org.junit.ComparisonFailure: expected:<AC[C]ESS DENIED!> but was:<AC[]ESS DENIED!>
	at steps.FirstTest.userLoginInvalidPassword(FirstTest.java:66)
]]></failure>
    <system-out><![CDATA[zazazazazazaza
]]></system-out>
  </testcase>
  <testcase name="userLoginInvalidPassword" classname="steps.FirstTest" time="1.286">
    <error message="javax/xml/bind/annotation/XmlElement" type="java.lang.NoClassDefFoundError">java.lang.NoClassDefFoundError: javax/xml/bind/annotation/XmlElement
</error>
  </testcase>
  <testcase name="userLoginWithoutCookie" classname="steps.FirstTest" time="1.614"/>
  <testcase name="userLoginValidCredentials" classname="steps.FirstTest" time="1.79"/>
  <testcase name="requestLoginCheckMessageValidCredentials" classname="steps.FirstTest" time="1.394"/>
</testsuite>